2025-04-20 17:32:07,063 - INFO - Started logging to ./runs/250420-173207/artefacts/training.log
2025-04-20 17:32:07,063 - INFO - Config file: config.yaml
2025-04-20 17:32:07,063 - INFO - ==== Config file's contents ====
2025-04-20 17:32:07,063 - INFO - general:
2025-04-20 17:32:07,063 - INFO -   seed: 2024
2025-04-20 17:32:07,063 - INFO -   train: True
2025-04-20 17:32:07,063 - INFO -   dataset: lotka
2025-04-20 17:32:07,063 - INFO -   data_path: ./data/dynamics/lotka/
2025-04-20 17:32:07,063 - INFO -   save_path: None
2025-04-20 17:32:07,063 - INFO - data:
2025-04-20 17:32:07,063 - INFO -   downsample_factor: 1
2025-04-20 17:32:07,063 - INFO -   resolution: [32, 32]
2025-04-20 17:32:07,063 - INFO -   traj_length: 1000
2025-04-20 17:32:07,063 - INFO - model:
2025-04-20 17:32:07,063 - INFO -   mlp_width_size: 48
2025-04-20 17:32:07,063 - INFO -   mlp_depth: 3
2025-04-20 17:32:07,064 - INFO -   activation: swish
2025-04-20 17:32:07,064 - INFO -   input_prev_data: False
2025-04-20 17:32:07,064 - INFO -   model_type: wsm
2025-04-20 17:32:07,064 - INFO -   nb_rnn_layers: 1
2025-04-20 17:32:07,064 - INFO -   weights_lim: None
2025-04-20 17:32:07,064 - INFO -   apply_tanh_uncertainty: False
2025-04-20 17:32:07,064 - INFO -   time_as_channel: False
2025-04-20 17:32:07,064 - INFO -   forcing_prob: 1.0
2025-04-20 17:32:07,064 - INFO -   noise_theta_init: None
2025-04-20 17:32:07,064 - INFO -   std_lower_bound: 0.0001
2025-04-20 17:32:07,064 - INFO - optimizer:
2025-04-20 17:32:07,064 - INFO -   init_lr: 1e-05
2025-04-20 17:32:07,064 - INFO -   gradients_lim: 1e-07
2025-04-20 17:32:07,064 - INFO -   on_plateau: {'factor': 0.5, 'min_scale': 0.01, 'patience': 20, 'cooldown': 0, 'rtol': 0.0001, 'accum_size': 50}
2025-04-20 17:32:07,064 - INFO - training:
2025-04-20 17:32:07,064 - INFO -   nb_epochs: 1500
2025-04-20 17:32:07,064 - INFO -   batch_size: 1024
2025-04-20 17:32:07,064 - INFO -   print_every: 10
2025-04-20 17:32:07,064 - INFO -   checkpoint_every: 10
2025-04-20 17:32:07,064 - INFO -   nb_recons_loss_steps: None
2025-04-20 17:32:07,064 - INFO -   use_nll_loss: False
2025-04-20 17:32:07,064 - INFO -   inference_start: 256
2025-04-20 17:32:07,555 - INFO - Input sequence shape: (1024, 256, 2)
2025-04-20 17:32:07,555 - INFO - Labels/OutputSequence shape: (1024, 256, 2)
2025-04-20 17:32:07,555 - INFO - Seq length: 256
2025-04-20 17:32:07,555 - INFO - Data size: 2
2025-04-20 17:32:07,555 - INFO - Min/Max in the dataset: (-1.0, 1.378643503171046)
2025-04-20 17:32:07,555 - INFO - Number of batches:
2025-04-20 17:32:07,555 - INFO -   - Train: 15
2025-04-20 17:32:07,555 - INFO -   - Test: 3
2025-04-20 17:32:08,693 - INFO - No model found in run folder. Training from scratch.
2025-04-20 17:32:08,693 - INFO - 

=== Beginning training ... ===
2025-04-20 17:32:08,693 - INFO -   - Number of epochs: 1500
2025-04-20 17:32:08,693 - INFO -   - Number of batches: 15
2025-04-20 17:32:08,693 - INFO -   - Total number of GD steps: 22500
2025-04-20 17:32:29,016 - INFO - Epoch    0/1500     Train Loss   -Mean: 0.213691,   -Median: 0.051027,   -Latest: 0.049143
2025-04-20 17:32:29,263 - INFO - Best model saved ...
2025-04-20 17:32:48,017 - INFO - Epoch    1/1500     Train Loss   -Mean: 0.159521,   -Median: 0.050006,   -Latest: 0.052197
2025-04-20 17:33:06,832 - INFO - Epoch    2/1500     Train Loss   -Mean: 0.064892,   -Median: 0.047430,   -Latest: 0.062802
2025-04-20 17:33:25,658 - INFO - Epoch    3/1500     Train Loss   -Mean: 0.104329,   -Median: 0.046041,   -Latest: 0.050973
2025-04-20 17:35:37,556 - INFO - Epoch   10/1500     Train Loss   -Mean: 0.038959,   -Median: 0.035176,   -Latest: 0.033683
2025-04-20 17:35:37,818 - INFO - Best model saved ...
2025-04-20 17:38:46,148 - INFO - Epoch   20/1500     Train Loss   -Mean: 0.037023,   -Median: 0.035892,   -Latest: 0.035417
2025-04-20 17:41:54,620 - INFO - Epoch   30/1500     Train Loss   -Mean: 0.031766,   -Median: 0.031895,   -Latest: 0.032129
2025-04-20 17:41:54,884 - INFO - Best model saved ...
2025-04-20 17:45:03,378 - INFO - Epoch   40/1500     Train Loss   -Mean: 0.031271,   -Median: 0.031110,   -Latest: 0.029561
2025-04-20 17:45:03,634 - INFO - Best model saved ...
2025-04-20 17:48:11,921 - INFO - Epoch   50/1500     Train Loss   -Mean: 0.028298,   -Median: 0.028073,   -Latest: 0.027768
2025-04-20 17:48:12,178 - INFO - Best model saved ...
2025-04-20 17:51:20,498 - INFO - Epoch   60/1500     Train Loss   -Mean: 0.026576,   -Median: 0.026442,   -Latest: 0.025440
2025-04-20 17:51:20,778 - INFO - Best model saved ...
2025-04-20 17:54:29,182 - INFO - Epoch   70/1500     Train Loss   -Mean: 0.026934,   -Median: 0.026648,   -Latest: 0.025008
2025-04-20 17:57:37,829 - INFO - Epoch   80/1500     Train Loss   -Mean: 0.028582,   -Median: 0.028221,   -Latest: 0.028221
2025-04-20 18:00:46,688 - INFO - Epoch   90/1500     Train Loss   -Mean: 0.025063,   -Median: 0.024008,   -Latest: 0.023876
2025-04-20 18:00:46,953 - INFO - Best model saved ...
2025-04-20 18:03:55,700 - INFO - Epoch  100/1500     Train Loss   -Mean: 0.027193,   -Median: 0.025741,   -Latest: 0.026323
2025-04-20 18:07:04,439 - INFO - Epoch  110/1500     Train Loss   -Mean: 0.023614,   -Median: 0.023314,   -Latest: 0.022695
2025-04-20 18:07:04,700 - INFO - Best model saved ...
2025-04-20 18:10:13,450 - INFO - Epoch  120/1500     Train Loss   -Mean: 0.027066,   -Median: 0.027144,   -Latest: 0.026477
2025-04-20 18:13:22,307 - INFO - Epoch  130/1500     Train Loss   -Mean: 0.023257,   -Median: 0.022130,   -Latest: 0.027653
2025-04-20 18:13:22,569 - INFO - Best model saved ...
2025-04-20 18:16:31,332 - INFO - Epoch  140/1500     Train Loss   -Mean: 0.023537,   -Median: 0.023432,   -Latest: 0.021484
2025-04-20 18:19:40,277 - INFO - Epoch  150/1500     Train Loss   -Mean: 0.028292,   -Median: 0.028026,   -Latest: 0.023441
2025-04-20 18:22:49,138 - INFO - Epoch  160/1500     Train Loss   -Mean: 0.023867,   -Median: 0.024177,   -Latest: 0.023827
2025-04-20 18:25:58,146 - INFO - Epoch  170/1500     Train Loss   -Mean: 0.021390,   -Median: 0.021362,   -Latest: 0.018768
2025-04-20 18:25:58,482 - INFO - Best model saved ...
2025-04-20 18:29:07,276 - INFO - Epoch  180/1500     Train Loss   -Mean: 0.024482,   -Median: 0.023246,   -Latest: 0.023246
2025-04-20 18:32:16,185 - INFO - Epoch  190/1500     Train Loss   -Mean: 0.020393,   -Median: 0.020658,   -Latest: 0.020786
2025-04-20 18:32:16,761 - INFO - Best model saved ...
2025-04-20 18:35:25,563 - INFO - Epoch  200/1500     Train Loss   -Mean: 0.020343,   -Median: 0.020661,   -Latest: 0.026115
2025-04-20 18:38:34,445 - INFO - Epoch  210/1500     Train Loss   -Mean: 0.023163,   -Median: 0.022092,   -Latest: 0.022078
2025-04-20 18:41:43,277 - INFO - Epoch  220/1500     Train Loss   -Mean: 0.021692,   -Median: 0.021468,   -Latest: 0.022463
2025-04-20 18:44:52,255 - INFO - Epoch  230/1500     Train Loss   -Mean: 0.022132,   -Median: 0.022594,   -Latest: 0.021088
2025-04-20 18:48:01,297 - INFO - Epoch  240/1500     Train Loss   -Mean: 0.019758,   -Median: 0.018493,   -Latest: 0.037082
2025-04-20 18:48:01,624 - INFO - Best model saved ...
2025-04-20 18:51:10,305 - INFO - Epoch  250/1500     Train Loss   -Mean: 0.020634,   -Median: 0.020132,   -Latest: 0.019629
2025-04-20 18:54:19,145 - INFO - Epoch  260/1500     Train Loss   -Mean: 0.023238,   -Median: 0.022882,   -Latest: 0.021272
2025-04-20 18:57:28,124 - INFO - Epoch  270/1500     Train Loss   -Mean: 0.018743,   -Median: 0.019334,   -Latest: 0.016962
2025-04-20 19:00:37,020 - INFO - Epoch  280/1500     Train Loss   -Mean: 0.023587,   -Median: 0.022958,   -Latest: 0.027927
2025-04-20 19:03:45,800 - INFO - Epoch  290/1500     Train Loss   -Mean: 0.016862,   -Median: 0.016822,   -Latest: 0.017199
2025-04-20 19:03:46,557 - INFO - Best model saved ...
2025-04-20 19:06:55,351 - INFO - Epoch  300/1500     Train Loss   -Mean: 0.017023,   -Median: 0.016722,   -Latest: 0.016020
2025-04-20 19:06:55,947 - INFO - Best model saved ...
2025-04-20 19:10:04,857 - INFO - Epoch  310/1500     Train Loss   -Mean: 0.017416,   -Median: 0.017727,   -Latest: 0.018111
2025-04-20 19:13:14,842 - INFO - Epoch  320/1500     Train Loss   -Mean: 0.017124,   -Median: 0.016141,   -Latest: 0.017520
2025-04-20 19:13:15,144 - INFO - Best model saved ...
2025-04-20 19:16:24,058 - INFO - Epoch  330/1500     Train Loss   -Mean: 0.017272,   -Median: 0.016598,   -Latest: 0.015706
2025-04-20 19:19:33,244 - INFO - Epoch  340/1500     Train Loss   -Mean: 0.017150,   -Median: 0.016458,   -Latest: 0.025104
2025-04-20 19:22:42,404 - INFO - Epoch  350/1500     Train Loss   -Mean: 0.016973,   -Median: 0.016976,   -Latest: 0.017664
2025-04-20 19:25:51,426 - INFO - Epoch  360/1500     Train Loss   -Mean: 0.018599,   -Median: 0.018177,   -Latest: 0.019308
2025-04-20 19:29:00,534 - INFO - Epoch  370/1500     Train Loss   -Mean: 0.018679,   -Median: 0.017785,   -Latest: 0.015870
2025-04-20 19:32:09,619 - INFO - Epoch  380/1500     Train Loss   -Mean: 0.012788,   -Median: 0.013152,   -Latest: 0.013700
2025-04-20 19:32:09,925 - INFO - Best model saved ...
2025-04-20 19:35:18,938 - INFO - Epoch  390/1500     Train Loss   -Mean: 0.014675,   -Median: 0.013924,   -Latest: 0.012453
2025-04-20 19:38:28,051 - INFO - Epoch  400/1500     Train Loss   -Mean: 0.013155,   -Median: 0.013086,   -Latest: 0.013086
2025-04-20 19:38:28,349 - INFO - Best model saved ...
2025-04-20 19:41:37,157 - INFO - Epoch  410/1500     Train Loss   -Mean: 0.012643,   -Median: 0.012488,   -Latest: 0.011693
2025-04-20 19:41:37,466 - INFO - Best model saved ...
2025-04-20 19:44:46,314 - INFO - Epoch  420/1500     Train Loss   -Mean: 0.013498,   -Median: 0.013433,   -Latest: 0.011437
2025-04-20 19:47:55,445 - INFO - Epoch  430/1500     Train Loss   -Mean: 0.014811,   -Median: 0.014564,   -Latest: 0.021542
2025-04-20 19:51:04,486 - INFO - Epoch  440/1500     Train Loss   -Mean: 0.014304,   -Median: 0.013771,   -Latest: 0.015951
2025-04-20 19:54:13,581 - INFO - Epoch  450/1500     Train Loss   -Mean: 0.012783,   -Median: 0.012710,   -Latest: 0.011224
2025-04-20 19:57:22,623 - INFO - Epoch  460/1500     Train Loss   -Mean: 0.015996,   -Median: 0.015849,   -Latest: 0.018307
2025-04-20 20:00:31,720 - INFO - Epoch  470/1500     Train Loss   -Mean: 0.017361,   -Median: 0.017357,   -Latest: 0.014945
2025-04-20 20:03:40,889 - INFO - Epoch  480/1500     Train Loss   -Mean: 0.013308,   -Median: 0.013422,   -Latest: 0.012334
2025-04-20 20:06:50,000 - INFO - Epoch  490/1500     Train Loss   -Mean: 0.011839,   -Median: 0.011303,   -Latest: 0.010949
2025-04-20 20:06:50,298 - INFO - Best model saved ...
2025-04-20 20:09:59,344 - INFO - Epoch  500/1500     Train Loss   -Mean: 0.012925,   -Median: 0.012716,   -Latest: 0.011167
2025-04-20 20:13:08,495 - INFO - Epoch  510/1500     Train Loss   -Mean: 0.013145,   -Median: 0.013447,   -Latest: 0.012688
2025-04-20 20:16:17,692 - INFO - Epoch  520/1500     Train Loss   -Mean: 0.014227,   -Median: 0.013768,   -Latest: 0.011930
2025-04-20 20:19:26,780 - INFO - Epoch  530/1500     Train Loss   -Mean: 0.014578,   -Median: 0.013570,   -Latest: 0.012535
2025-04-20 20:22:35,915 - INFO - Epoch  540/1500     Train Loss   -Mean: 0.013673,   -Median: 0.013523,   -Latest: 0.013419
2025-04-20 20:25:45,072 - INFO - Epoch  550/1500     Train Loss   -Mean: 0.013287,   -Median: 0.013432,   -Latest: 0.011861
2025-04-20 20:28:54,224 - INFO - Epoch  560/1500     Train Loss   -Mean: 0.011402,   -Median: 0.011324,   -Latest: 0.011324
2025-04-20 20:32:03,255 - INFO - Epoch  570/1500     Train Loss   -Mean: 0.014361,   -Median: 0.014291,   -Latest: 0.014647
2025-04-20 20:35:12,474 - INFO - Epoch  580/1500     Train Loss   -Mean: 0.011274,   -Median: 0.011181,   -Latest: 0.009771
2025-04-20 20:35:12,954 - INFO - Best model saved ...
2025-04-20 20:38:22,092 - INFO - Epoch  590/1500     Train Loss   -Mean: 0.011185,   -Median: 0.010804,   -Latest: 0.011081
2025-04-20 20:38:22,718 - INFO - Best model saved ...
2025-04-20 20:41:31,791 - INFO - Epoch  600/1500     Train Loss   -Mean: 0.014523,   -Median: 0.013328,   -Latest: 0.011814
2025-04-20 20:44:41,057 - INFO - Epoch  610/1500     Train Loss   -Mean: 0.011189,   -Median: 0.010919,   -Latest: 0.012342
2025-04-20 20:47:50,386 - INFO - Epoch  620/1500     Train Loss   -Mean: 0.012065,   -Median: 0.012167,   -Latest: 0.011391
2025-04-20 20:50:59,538 - INFO - Epoch  630/1500     Train Loss   -Mean: 0.013103,   -Median: 0.012280,   -Latest: 0.012402
2025-04-20 20:54:09,012 - INFO - Epoch  640/1500     Train Loss   -Mean: 0.009430,   -Median: 0.009396,   -Latest: 0.008756
2025-04-20 20:54:09,478 - INFO - Best model saved ...
2025-04-20 20:57:18,508 - INFO - Epoch  650/1500     Train Loss   -Mean: 0.011582,   -Median: 0.011126,   -Latest: 0.009372
2025-04-20 21:00:27,632 - INFO - Epoch  660/1500     Train Loss   -Mean: 0.009480,   -Median: 0.009370,   -Latest: 0.009902
2025-04-20 21:00:28,168 - INFO - Best model saved ...
2025-04-20 21:03:37,184 - INFO - Epoch  670/1500     Train Loss   -Mean: 0.009994,   -Median: 0.009628,   -Latest: 0.011716
2025-04-20 21:06:46,274 - INFO - Epoch  680/1500     Train Loss   -Mean: 0.009506,   -Median: 0.009572,   -Latest: 0.010106
2025-04-20 21:09:55,500 - INFO - Epoch  690/1500     Train Loss   -Mean: 0.009511,   -Median: 0.009298,   -Latest: 0.009676
2025-04-20 21:09:56,035 - INFO - Best model saved ...
2025-04-20 21:13:05,259 - INFO - Epoch  700/1500     Train Loss   -Mean: 0.009381,   -Median: 0.009520,   -Latest: 0.009824
2025-04-20 21:16:14,513 - INFO - Epoch  710/1500     Train Loss   -Mean: 0.011241,   -Median: 0.010941,   -Latest: 0.012680
2025-04-20 21:19:23,693 - INFO - Epoch  720/1500     Train Loss   -Mean: 0.009604,   -Median: 0.009634,   -Latest: 0.010073
2025-04-20 21:22:32,870 - INFO - Epoch  730/1500     Train Loss   -Mean: 0.009248,   -Median: 0.009337,   -Latest: 0.009249
2025-04-20 21:25:42,177 - INFO - Epoch  740/1500     Train Loss   -Mean: 0.009129,   -Median: 0.009145,   -Latest: 0.008256
2025-04-20 21:25:42,769 - INFO - Best model saved ...
2025-04-20 21:28:52,647 - INFO - Epoch  750/1500     Train Loss   -Mean: 0.009430,   -Median: 0.009326,   -Latest: 0.009444
2025-04-20 21:32:02,357 - INFO - Epoch  760/1500     Train Loss   -Mean: 0.009359,   -Median: 0.009322,   -Latest: 0.009627
2025-04-20 21:35:11,850 - INFO - Epoch  770/1500     Train Loss   -Mean: 0.011161,   -Median: 0.011316,   -Latest: 0.013007
2025-04-20 21:38:21,337 - INFO - Epoch  780/1500     Train Loss   -Mean: 0.009470,   -Median: 0.009486,   -Latest: 0.008092
2025-04-20 21:41:30,922 - INFO - Epoch  790/1500     Train Loss   -Mean: 0.008024,   -Median: 0.008031,   -Latest: 0.007965
2025-04-20 21:41:31,258 - INFO - Best model saved ...
2025-04-20 21:44:40,637 - INFO - Epoch  800/1500     Train Loss   -Mean: 0.007886,   -Median: 0.007841,   -Latest: 0.007694
2025-04-20 21:44:40,975 - INFO - Best model saved ...
2025-04-20 21:47:50,425 - INFO - Epoch  810/1500     Train Loss   -Mean: 0.007930,   -Median: 0.007874,   -Latest: 0.007862
2025-04-20 21:50:59,955 - INFO - Epoch  820/1500     Train Loss   -Mean: 0.007831,   -Median: 0.007787,   -Latest: 0.007462
2025-04-20 21:51:00,292 - INFO - Best model saved ...
2025-04-20 21:54:09,608 - INFO - Epoch  830/1500     Train Loss   -Mean: 0.007767,   -Median: 0.007761,   -Latest: 0.007820
2025-04-20 21:54:09,946 - INFO - Best model saved ...
2025-04-20 21:58:41,426 - INFO - Epoch  840/1500     Train Loss   -Mean: 0.007730,   -Median: 0.007685,   -Latest: 0.007925
2025-04-20 21:58:41,853 - INFO - Best model saved ...
2025-04-20 22:02:02,726 - INFO - Epoch  850/1500     Train Loss   -Mean: 0.007925,   -Median: 0.007810,   -Latest: 0.007810
2025-04-20 22:05:12,223 - INFO - Epoch  860/1500     Train Loss   -Mean: 0.007779,   -Median: 0.007795,   -Latest: 0.007829
2025-04-20 22:08:21,548 - INFO - Epoch  870/1500     Train Loss   -Mean: 0.007710,   -Median: 0.007710,   -Latest: 0.007268
2025-04-20 22:11:31,061 - INFO - Epoch  880/1500     Train Loss   -Mean: 0.007716,   -Median: 0.007662,   -Latest: 0.007610
2025-04-20 22:11:31,476 - INFO - Best model saved ...
2025-04-20 22:14:40,697 - INFO - Epoch  890/1500     Train Loss   -Mean: 0.007713,   -Median: 0.007639,   -Latest: 0.007271
2025-04-20 22:14:41,245 - INFO - Best model saved ...
2025-04-20 22:17:50,478 - INFO - Epoch  900/1500     Train Loss   -Mean: 0.007721,   -Median: 0.007651,   -Latest: 0.008589
2025-04-20 22:20:59,751 - INFO - Epoch  910/1500     Train Loss   -Mean: 0.008178,   -Median: 0.007920,   -Latest: 0.009242
2025-04-20 22:24:09,061 - INFO - Epoch  920/1500     Train Loss   -Mean: 0.007696,   -Median: 0.007671,   -Latest: 0.008019
2025-04-20 22:27:18,378 - INFO - Epoch  930/1500     Train Loss   -Mean: 0.007643,   -Median: 0.007617,   -Latest: 0.007599
2025-04-20 22:27:18,866 - INFO - Best model saved ...
2025-04-20 22:30:27,941 - INFO - Epoch  940/1500     Train Loss   -Mean: 0.009291,   -Median: 0.009311,   -Latest: 0.009639
2025-04-20 22:33:37,412 - INFO - Epoch  950/1500     Train Loss   -Mean: 0.007859,   -Median: 0.007617,   -Latest: 0.008433
2025-04-20 22:33:38,034 - INFO - Best model saved ...
2025-04-20 22:36:47,457 - INFO - Epoch  960/1500     Train Loss   -Mean: 0.007612,   -Median: 0.007571,   -Latest: 0.007387
2025-04-20 22:36:48,218 - INFO - Best model saved ...
2025-04-20 22:39:57,393 - INFO - Epoch  970/1500     Train Loss   -Mean: 0.007593,   -Median: 0.007522,   -Latest: 0.007908
2025-04-20 22:39:58,267 - INFO - Best model saved ...
2025-04-20 22:43:07,400 - INFO - Epoch  980/1500     Train Loss   -Mean: 0.007613,   -Median: 0.007503,   -Latest: 0.008439
2025-04-20 22:43:07,761 - INFO - Best model saved ...
2025-04-20 22:46:17,139 - INFO - Epoch  990/1500     Train Loss   -Mean: 0.007526,   -Median: 0.007501,   -Latest: 0.007760
2025-04-20 22:46:17,480 - INFO - Best model saved ...
2025-04-20 22:49:26,754 - INFO - Epoch 1000/1500     Train Loss   -Mean: 0.007490,   -Median: 0.007437,   -Latest: 0.007818
2025-04-20 22:49:27,114 - INFO - Best model saved ...
2025-04-20 22:52:36,352 - INFO - Epoch 1010/1500     Train Loss   -Mean: 0.007474,   -Median: 0.007489,   -Latest: 0.007230
2025-04-20 22:55:45,818 - INFO - Epoch 1020/1500     Train Loss   -Mean: 0.007582,   -Median: 0.007703,   -Latest: 0.007364
2025-04-20 22:58:55,186 - INFO - Epoch 1030/1500     Train Loss   -Mean: 0.009116,   -Median: 0.008818,   -Latest: 0.010203
2025-04-20 23:02:04,577 - INFO - Epoch 1040/1500     Train Loss   -Mean: 0.007789,   -Median: 0.007811,   -Latest: 0.007184
2025-04-20 23:05:14,005 - INFO - Epoch 1050/1500     Train Loss   -Mean: 0.007586,   -Median: 0.007570,   -Latest: 0.007844
2025-04-20 23:08:23,324 - INFO - Epoch 1060/1500     Train Loss   -Mean: 0.007573,   -Median: 0.007541,   -Latest: 0.007681
2025-04-20 23:11:32,589 - INFO - Epoch 1070/1500     Train Loss   -Mean: 0.007483,   -Median: 0.007461,   -Latest: 0.007665
2025-04-20 23:14:41,939 - INFO - Epoch 1080/1500     Train Loss   -Mean: 0.006978,   -Median: 0.006886,   -Latest: 0.006707
2025-04-20 23:14:42,297 - INFO - Best model saved ...
2025-04-20 23:17:51,608 - INFO - Epoch 1090/1500     Train Loss   -Mean: 0.006978,   -Median: 0.006955,   -Latest: 0.007377
2025-04-20 23:21:01,326 - INFO - Epoch 1100/1500     Train Loss   -Mean: 0.006908,   -Median: 0.007008,   -Latest: 0.007008
2025-04-20 23:24:10,914 - INFO - Epoch 1110/1500     Train Loss   -Mean: 0.006878,   -Median: 0.006874,   -Latest: 0.006992
2025-04-20 23:24:11,377 - INFO - Best model saved ...
2025-04-20 23:27:20,588 - INFO - Epoch 1120/1500     Train Loss   -Mean: 0.006872,   -Median: 0.006833,   -Latest: 0.006861
2025-04-20 23:27:21,416 - INFO - Best model saved ...
2025-04-20 23:30:30,591 - INFO - Epoch 1130/1500     Train Loss   -Mean: 0.006864,   -Median: 0.006855,   -Latest: 0.007013
2025-04-20 23:33:39,995 - INFO - Epoch 1140/1500     Train Loss   -Mean: 0.006828,   -Median: 0.006830,   -Latest: 0.006967
2025-04-20 23:33:40,389 - INFO - Best model saved ...
2025-04-20 23:36:49,675 - INFO - Epoch 1150/1500     Train Loss   -Mean: 0.006808,   -Median: 0.006798,   -Latest: 0.007089
2025-04-20 23:36:50,247 - INFO - Best model saved ...
2025-04-20 23:39:59,542 - INFO - Epoch 1160/1500     Train Loss   -Mean: 0.006812,   -Median: 0.006751,   -Latest: 0.006374
2025-04-20 23:40:00,257 - INFO - Best model saved ...
2025-04-20 23:43:09,489 - INFO - Epoch 1170/1500     Train Loss   -Mean: 0.006822,   -Median: 0.006822,   -Latest: 0.006596
2025-04-20 23:46:18,936 - INFO - Epoch 1180/1500     Train Loss   -Mean: 0.006813,   -Median: 0.006839,   -Latest: 0.006909
2025-04-20 23:49:28,646 - INFO - Epoch 1190/1500     Train Loss   -Mean: 0.006735,   -Median: 0.006757,   -Latest: 0.006757
2025-04-20 23:52:38,706 - INFO - Epoch 1200/1500     Train Loss   -Mean: 0.007733,   -Median: 0.007646,   -Latest: 0.006842
2025-04-20 23:55:48,388 - INFO - Epoch 1210/1500     Train Loss   -Mean: 0.006803,   -Median: 0.006759,   -Latest: 0.006642
2025-04-20 23:58:57,980 - INFO - Epoch 1220/1500     Train Loss   -Mean: 0.006732,   -Median: 0.006715,   -Latest: 0.006759
2025-04-20 23:58:58,352 - INFO - Best model saved ...
2025-04-21 00:02:07,681 - INFO - Epoch 1230/1500     Train Loss   -Mean: 0.006748,   -Median: 0.006761,   -Latest: 0.007005
2025-04-21 00:05:17,120 - INFO - Epoch 1240/1500     Train Loss   -Mean: 0.006730,   -Median: 0.006702,   -Latest: 0.006931
2025-04-21 00:05:17,508 - INFO - Best model saved ...
2025-04-21 00:08:26,661 - INFO - Epoch 1250/1500     Train Loss   -Mean: 0.006828,   -Median: 0.006734,   -Latest: 0.006734
2025-04-21 00:11:36,144 - INFO - Epoch 1260/1500     Train Loss   -Mean: 0.006702,   -Median: 0.006751,   -Latest: 0.006915
2025-04-21 00:14:45,562 - INFO - Epoch 1270/1500     Train Loss   -Mean: 0.006668,   -Median: 0.006649,   -Latest: 0.006686
2025-04-21 00:14:45,942 - INFO - Best model saved ...
2025-04-21 00:17:55,195 - INFO - Epoch 1280/1500     Train Loss   -Mean: 0.006657,   -Median: 0.006672,   -Latest: 0.006583
2025-04-21 00:21:04,673 - INFO - Epoch 1290/1500     Train Loss   -Mean: 0.006663,   -Median: 0.006627,   -Latest: 0.006340
2025-04-21 00:21:05,068 - INFO - Best model saved ...
2025-04-21 00:24:14,301 - INFO - Epoch 1300/1500     Train Loss   -Mean: 0.006651,   -Median: 0.006667,   -Latest: 0.006821
2025-04-21 00:27:23,637 - INFO - Epoch 1310/1500     Train Loss   -Mean: 0.006484,   -Median: 0.006470,   -Latest: 0.006296
2025-04-21 00:27:24,021 - INFO - Best model saved ...
2025-04-21 00:30:33,326 - INFO - Epoch 1320/1500     Train Loss   -Mean: 0.006638,   -Median: 0.006637,   -Latest: 0.006311
2025-04-21 00:33:42,903 - INFO - Epoch 1330/1500     Train Loss   -Mean: 0.006609,   -Median: 0.006573,   -Latest: 0.006377
2025-04-21 00:36:52,224 - INFO - Epoch 1340/1500     Train Loss   -Mean: 0.006593,   -Median: 0.006582,   -Latest: 0.006557
2025-04-21 00:40:01,716 - INFO - Epoch 1350/1500     Train Loss   -Mean: 0.006641,   -Median: 0.006573,   -Latest: 0.006807
2025-04-21 00:43:11,158 - INFO - Epoch 1360/1500     Train Loss   -Mean: 0.006561,   -Median: 0.006538,   -Latest: 0.006581
2025-04-21 00:46:20,636 - INFO - Epoch 1370/1500     Train Loss   -Mean: 0.006573,   -Median: 0.006582,   -Latest: 0.006582
2025-04-21 00:49:30,074 - INFO - Epoch 1380/1500     Train Loss   -Mean: 0.006543,   -Median: 0.006534,   -Latest: 0.006562
2025-04-21 00:52:39,461 - INFO - Epoch 1390/1500     Train Loss   -Mean: 0.006564,   -Median: 0.006557,   -Latest: 0.005998
2025-04-21 00:55:48,675 - INFO - Epoch 1400/1500     Train Loss   -Mean: 0.006675,   -Median: 0.006706,   -Latest: 0.006841
2025-04-21 00:58:58,058 - INFO - Epoch 1410/1500     Train Loss   -Mean: 0.006590,   -Median: 0.006524,   -Latest: 0.006524
2025-04-21 01:02:07,403 - INFO - Epoch 1420/1500     Train Loss   -Mean: 0.006703,   -Median: 0.006551,   -Latest: 0.008164
2025-04-21 01:05:16,656 - INFO - Epoch 1430/1500     Train Loss   -Mean: 0.006644,   -Median: 0.006591,   -Latest: 0.007229
2025-04-21 01:08:25,881 - INFO - Epoch 1440/1500     Train Loss   -Mean: 0.006555,   -Median: 0.006539,   -Latest: 0.006522
2025-04-21 01:11:35,149 - INFO - Epoch 1450/1500     Train Loss   -Mean: 0.006588,   -Median: 0.006527,   -Latest: 0.006977
2025-04-21 01:14:44,490 - INFO - Epoch 1460/1500     Train Loss   -Mean: 0.006522,   -Median: 0.006518,   -Latest: 0.006262
2025-04-21 01:17:53,819 - INFO - Epoch 1470/1500     Train Loss   -Mean: 0.006594,   -Median: 0.006507,   -Latest: 0.007207
2025-04-21 01:21:03,222 - INFO - Epoch 1480/1500     Train Loss   -Mean: 0.006589,   -Median: 0.006629,   -Latest: 0.006708
2025-04-21 01:24:12,717 - INFO - Epoch 1490/1500     Train Loss   -Mean: 0.006521,   -Median: 0.006433,   -Latest: 0.006387
2025-04-21 01:24:13,165 - INFO - Best model saved ...
2025-04-21 01:27:03,364 - INFO - Epoch 1499/1500     Train Loss   -Mean: 0.006552,   -Median: 0.006638,   -Latest: 0.006790
2025-04-21 01:27:03,556 - INFO - 
Training complete. Total time: 7 hours 54 mins 54 secs
2025-04-21 01:27:10,776 - INFO - Evaluation of MSE on the test set, at the end of the training (Current Best Model):
2025-04-21 01:27:10,776 - INFO -     - Mean : 0.058897
2025-04-21 01:27:10,776 - INFO -     - Median : 0.059043
2025-04-21 01:27:10,776 - INFO -     - Min : 0.057881
2025-04-21 01:27:10,778 - INFO - Checkpoints MSE artefact file found. Loading it.
