2025-04-06 17:01:08,143 - INFO - Started logging to ./runs/250406-170108/artefacts/training.log
2025-04-06 17:01:08,143 - INFO - Config file: config.yaml
2025-04-06 17:01:08,143 - INFO - ==== Config file's contents ====
2025-04-06 17:01:08,143 - INFO - general:
2025-04-06 17:01:08,143 - INFO -   seed: 2024
2025-04-06 17:01:08,143 - INFO -   train: True
2025-04-06 17:01:08,143 - INFO -   dataset: mnist
2025-04-06 17:01:08,143 - INFO -   data_path: ./data/
2025-04-06 17:01:08,143 - INFO -   save_path: None
2025-04-06 17:01:08,143 - INFO - data:
2025-04-06 17:01:08,143 - INFO -   downsample_factor: 1
2025-04-06 17:01:08,143 - INFO -   resolution: [32, 32]
2025-04-06 17:01:08,143 - INFO -   traj_length: 1000
2025-04-06 17:01:08,143 - INFO - model:
2025-04-06 17:01:08,143 - INFO -   mlp_width_size: 24
2025-04-06 17:01:08,143 - INFO -   mlp_depth: 3
2025-04-06 17:01:08,143 - INFO -   activation: relu
2025-04-06 17:01:08,143 - INFO -   input_prev_data: False
2025-04-06 17:01:08,143 - INFO -   model_type: wsm-rnn
2025-04-06 17:01:08,143 - INFO -   nb_rnn_layers: 1
2025-04-06 17:01:08,144 - INFO -   weights_lim: 0.5
2025-04-06 17:01:08,144 - INFO -   apply_tanh_uncertainty: False
2025-04-06 17:01:08,144 - INFO -   time_as_channel: False
2025-04-06 17:01:08,144 - INFO -   forcing_prob: 0.15
2025-04-06 17:01:08,144 - INFO -   noise_theta_init: None
2025-04-06 17:01:08,144 - INFO - optimizer:
2025-04-06 17:01:08,144 - INFO -   init_lr: 0.0001
2025-04-06 17:01:08,144 - INFO -   gradients_lim: 1e-07
2025-04-06 17:01:08,144 - INFO -   on_plateau: {'factor': 0.5, 'min_scale': 0.01, 'patience': 20, 'cooldown': 0, 'rtol': 0.0001, 'accum_size': 50}
2025-04-06 17:01:08,144 - INFO - training:
2025-04-06 17:01:08,144 - INFO -   nb_epochs: 500
2025-04-06 17:01:08,144 - INFO -   batch_size: 640
2025-04-06 17:01:08,144 - INFO -   print_every: 10
2025-04-06 17:01:08,144 - INFO -   checkpoint_every: 10
2025-04-06 17:01:08,144 - INFO -   nb_recons_loss_steps: 400
2025-04-06 17:01:08,144 - INFO -   use_nll_loss: True
2025-04-06 17:01:08,144 - INFO -   inference_start: 300
2025-04-06 17:01:11,035 - INFO - Images shape: (640, 784, 1)
2025-04-06 17:01:11,035 - INFO - Labels shape: (640,)
2025-04-06 17:01:11,035 - INFO - Seq length: 784
2025-04-06 17:01:11,035 - INFO - Data size: 1
2025-04-06 17:01:11,035 - INFO - Min/Max in the dataset: (-1.0, 1.0)
2025-04-06 17:01:11,035 - INFO - Number of batches:
2025-04-06 17:01:11,035 - INFO -   - Train: 94
2025-04-06 17:01:11,035 - INFO -   - Test: 16
2025-04-06 17:01:12,458 - INFO - No model found in run folder. Training from scratch.
2025-04-06 17:01:12,458 - INFO - 

=== Beginning training ... ===
2025-04-06 17:01:12,458 - INFO -   - Number of epochs: 500
2025-04-06 17:01:12,458 - INFO -   - Number of batches: 94
2025-04-06 17:01:12,458 - INFO -   - Total number of GD steps: 47000
2025-04-06 17:01:56,714 - INFO - Epoch    0/ 500     Train Loss   -Mean: 0.190310,   -Median: 0.058752,   -Latest: 0.042640
2025-04-06 17:02:22,212 - INFO - Epoch    1/ 500     Train Loss   -Mean: 0.026281,   -Median: 0.002288,   -Latest: 0.112868
2025-04-06 17:02:47,767 - INFO - Epoch    2/ 500     Train Loss   -Mean: 0.129631,   -Median: 0.090245,   -Latest: 0.176637
2025-04-06 17:03:13,191 - INFO - Epoch    3/ 500     Train Loss   -Mean: 0.297375,   -Median: 0.131391,   -Latest: 1.061681
2025-04-06 17:06:13,400 - INFO - Epoch   10/ 500     Train Loss   -Mean: -0.214922,   -Median: -0.228205,   -Latest: -0.140417
2025-04-06 17:06:13,442 - INFO - Best model saved ...
2025-04-06 17:10:30,861 - INFO - Epoch   20/ 500     Train Loss   -Mean: -0.221247,   -Median: -0.207538,   -Latest: -0.280779
2025-04-06 17:14:47,535 - INFO - Epoch   30/ 500     Train Loss   -Mean: -0.314355,   -Median: -0.314391,   -Latest: -0.325333
2025-04-06 17:14:47,599 - INFO - Best model saved ...
2025-04-06 17:19:04,923 - INFO - Epoch   40/ 500     Train Loss   -Mean: -0.337857,   -Median: -0.337909,   -Latest: -0.345904
2025-04-06 17:19:04,985 - INFO - Best model saved ...
2025-04-06 17:23:22,620 - INFO - Epoch   50/ 500     Train Loss   -Mean: -0.354162,   -Median: -0.354299,   -Latest: -0.365410
2025-04-06 17:23:22,686 - INFO - Best model saved ...
2025-04-06 17:27:40,380 - INFO - Epoch   60/ 500     Train Loss   -Mean: -0.356379,   -Median: -0.355194,   -Latest: -0.351510
2025-04-06 17:27:40,453 - INFO - Best model saved ...
2025-04-06 17:31:57,546 - INFO - Epoch   70/ 500     Train Loss   -Mean: -0.367851,   -Median: -0.368342,   -Latest: -0.361219
2025-04-06 17:31:57,624 - INFO - Best model saved ...
2025-04-06 17:36:14,538 - INFO - Epoch   80/ 500     Train Loss   -Mean: -0.334275,   -Median: -0.354565,   -Latest: -0.347286
2025-04-06 17:40:32,373 - INFO - Epoch   90/ 500     Train Loss   -Mean: -0.410604,   -Median: -0.410534,   -Latest: -0.418135
2025-04-06 17:40:32,466 - INFO - Best model saved ...
2025-04-06 17:44:49,212 - INFO - Epoch  100/ 500     Train Loss   -Mean: -0.414605,   -Median: -0.415399,   -Latest: -0.418760
2025-04-06 17:44:49,307 - INFO - Best model saved ...
2025-04-06 17:49:05,741 - INFO - Epoch  110/ 500     Train Loss   -Mean: -0.418019,   -Median: -0.418352,   -Latest: -0.409042
2025-04-06 17:49:05,847 - INFO - Best model saved ...
2025-04-06 17:53:23,072 - INFO - Epoch  120/ 500     Train Loss   -Mean: -0.418905,   -Median: -0.419266,   -Latest: -0.417988
2025-04-06 17:53:23,183 - INFO - Best model saved ...
2025-04-06 17:57:41,143 - INFO - Epoch  130/ 500     Train Loss   -Mean: -0.436746,   -Median: -0.437221,   -Latest: -0.441189
2025-04-06 17:57:41,257 - INFO - Best model saved ...
2025-04-06 18:01:58,375 - INFO - Epoch  140/ 500     Train Loss   -Mean: -0.440204,   -Median: -0.440311,   -Latest: -0.438468
2025-04-06 18:01:58,503 - INFO - Best model saved ...
2025-04-06 18:06:15,617 - INFO - Epoch  150/ 500     Train Loss   -Mean: -0.440414,   -Median: -0.440424,   -Latest: -0.450860
2025-04-06 18:06:15,744 - INFO - Best model saved ...
2025-04-06 18:10:34,291 - INFO - Epoch  160/ 500     Train Loss   -Mean: -0.434619,   -Median: -0.435590,   -Latest: -0.435117
2025-04-06 18:14:51,614 - INFO - Epoch  170/ 500     Train Loss   -Mean: -0.443998,   -Median: -0.443865,   -Latest: -0.430236
2025-04-06 18:14:51,750 - INFO - Best model saved ...
2025-04-06 18:19:08,366 - INFO - Epoch  180/ 500     Train Loss   -Mean: -0.444418,   -Median: -0.444949,   -Latest: -0.449507
2025-04-06 18:19:08,506 - INFO - Best model saved ...
2025-04-06 18:23:25,249 - INFO - Epoch  190/ 500     Train Loss   -Mean: -0.447147,   -Median: -0.447560,   -Latest: -0.449398
2025-04-06 18:23:25,397 - INFO - Best model saved ...
2025-04-06 18:27:43,938 - INFO - Epoch  200/ 500     Train Loss   -Mean: -0.448275,   -Median: -0.448379,   -Latest: -0.447077
2025-04-06 18:27:44,101 - INFO - Best model saved ...
