2025-04-11 19:46:05,341 - INFO - Started logging to ./runs/250411-194605/artefacts/training.log
2025-04-11 19:46:05,341 - INFO - Config file: config.yaml
2025-04-11 19:46:05,341 - INFO - ==== Config file's contents ====
2025-04-11 19:46:05,341 - INFO - general:
2025-04-11 19:46:05,342 - INFO -   seed: 2024
2025-04-11 19:46:05,342 - INFO -   train: True
2025-04-11 19:46:05,342 - INFO -   dataset: lorentz63
2025-04-11 19:46:05,342 - INFO -   data_path: ./data/
2025-04-11 19:46:05,342 - INFO -   save_path: None
2025-04-11 19:46:05,342 - INFO - data:
2025-04-11 19:46:05,342 - INFO -   downsample_factor: 1
2025-04-11 19:46:05,342 - INFO -   resolution: [32, 32]
2025-04-11 19:46:05,342 - INFO -   traj_length: 1000
2025-04-11 19:46:05,342 - INFO - model:
2025-04-11 19:46:05,342 - INFO -   mlp_width_size: 32
2025-04-11 19:46:05,342 - INFO -   mlp_depth: 3
2025-04-11 19:46:05,342 - INFO -   activation: swish
2025-04-11 19:46:05,342 - INFO -   input_prev_data: False
2025-04-11 19:46:05,342 - INFO -   model_type: wsm-rnn
2025-04-11 19:46:05,342 - INFO -   nb_rnn_layers: 1
2025-04-11 19:46:05,342 - INFO -   weights_lim: None
2025-04-11 19:46:05,342 - INFO -   apply_tanh_uncertainty: False
2025-04-11 19:46:05,342 - INFO -   time_as_channel: False
2025-04-11 19:46:05,342 - INFO -   forcing_prob: 0.25
2025-04-11 19:46:05,342 - INFO -   noise_theta_init: None
2025-04-11 19:46:05,342 - INFO -   std_lower_bound: 0.0001
2025-04-11 19:46:05,342 - INFO - optimizer:
2025-04-11 19:46:05,342 - INFO -   init_lr: 1e-05
2025-04-11 19:46:05,342 - INFO -   gradients_lim: 1e-07
2025-04-11 19:46:05,342 - INFO -   on_plateau: {'factor': 0.5, 'min_scale': 0.01, 'patience': 10, 'cooldown': 0, 'rtol': 0.0001, 'accum_size': 50}
2025-04-11 19:46:05,342 - INFO - training:
2025-04-11 19:46:05,342 - INFO -   nb_epochs: 2500
2025-04-11 19:46:05,342 - INFO -   batch_size: 2048
2025-04-11 19:46:05,342 - INFO -   print_every: 10
2025-04-11 19:46:05,342 - INFO -   checkpoint_every: 100
2025-04-11 19:46:05,342 - INFO -   nb_recons_loss_steps: None
2025-04-11 19:46:05,342 - INFO -   use_nll_loss: True
2025-04-11 19:46:05,342 - INFO -   inference_start: 100
2025-04-11 19:46:05,940 - INFO - Images shape: (2048, 256, 2)
2025-04-11 19:46:05,940 - INFO - Labels shape: (2048,)
2025-04-11 19:46:05,940 - INFO - Seq length: 256
2025-04-11 19:46:05,940 - INFO - Data size: 2
2025-04-11 19:46:05,941 - INFO - Min/Max in the dataset: (-0.9928975735234059, 0.9934493141233844)
2025-04-11 19:46:05,942 - INFO - Number of batches:
2025-04-11 19:46:05,942 - INFO -   - Train: 10
2025-04-11 19:46:05,942 - INFO -   - Test: 10
2025-04-11 19:46:07,290 - INFO - No model found in run folder. Training from scratch.
2025-04-11 19:46:07,290 - INFO - 

=== Beginning training ... ===
2025-04-11 19:46:07,290 - INFO -   - Number of epochs: 2500
2025-04-11 19:46:07,290 - INFO -   - Number of batches: 10
2025-04-11 19:46:07,290 - INFO -   - Total number of GD steps: 25000
2025-04-11 19:46:13,943 - INFO - Epoch    0/2500     Train Loss   -Mean: 32953.101562,   -Median: -0.086991,   -Latest: 0.784645
2025-04-11 19:46:13,996 - INFO - Best model saved ...
2025-04-11 19:46:19,612 - INFO - Epoch    1/2500     Train Loss   -Mean: -0.661509,   -Median: -0.975801,   -Latest: 2.547521
2025-04-11 19:46:25,242 - INFO - Epoch    2/2500     Train Loss   -Mean: -0.299104,   -Median: -1.197600,   -Latest: -1.276311
2025-04-11 19:46:30,898 - INFO - Epoch    3/2500     Train Loss   -Mean: -1.231288,   -Median: -1.233984,   -Latest: -1.217315
2025-04-11 19:47:10,171 - INFO - Epoch   10/2500     Train Loss   -Mean: -1.634373,   -Median: -1.742853,   -Latest: -1.888721
2025-04-11 19:48:06,462 - INFO - Epoch   20/2500     Train Loss   -Mean: -1.673095,   -Median: -1.664520,   -Latest: -1.985203
2025-04-11 19:49:02,947 - INFO - Epoch   30/2500     Train Loss   -Mean: -1.970875,   -Median: -2.033123,   -Latest: -1.665926
2025-04-11 19:49:59,413 - INFO - Epoch   40/2500     Train Loss   -Mean: -1.939403,   -Median: -1.995264,   -Latest: -1.858040
2025-04-11 19:50:55,757 - INFO - Epoch   50/2500     Train Loss   -Mean: -2.350256,   -Median: -2.420292,   -Latest: -2.130357
2025-04-11 19:51:52,318 - INFO - Epoch   60/2500     Train Loss   -Mean: -2.267213,   -Median: -2.333050,   -Latest: -2.474050
2025-04-11 19:52:48,749 - INFO - Epoch   70/2500     Train Loss   -Mean: -2.420049,   -Median: -2.403985,   -Latest: -2.654947
2025-04-11 19:53:45,261 - INFO - Epoch   80/2500     Train Loss   -Mean: -2.512117,   -Median: -2.524966,   -Latest: -2.391628
2025-04-11 19:54:43,633 - INFO - Epoch   90/2500     Train Loss   -Mean: -2.510184,   -Median: -2.512204,   -Latest: -2.537406
2025-04-11 19:55:40,440 - INFO - Epoch  100/2500     Train Loss   -Mean: -2.399298,   -Median: -2.391270,   -Latest: -2.419752
2025-04-11 19:55:40,528 - INFO - Best model saved ...
2025-04-11 19:56:37,777 - INFO - Epoch  110/2500     Train Loss   -Mean: -2.346064,   -Median: -2.525895,   -Latest: -2.619262
2025-04-11 19:57:35,399 - INFO - Epoch  120/2500     Train Loss   -Mean: -1.888309,   -Median: -2.299417,   -Latest: -2.344890
2025-04-11 19:58:33,953 - INFO - Epoch  130/2500     Train Loss   -Mean: -2.353859,   -Median: -2.379214,   -Latest: -2.391319
2025-04-11 19:59:30,859 - INFO - Epoch  140/2500     Train Loss   -Mean: -2.459341,   -Median: -2.608847,   -Latest: -2.485403
2025-04-11 20:00:28,928 - INFO - Epoch  150/2500     Train Loss   -Mean: -2.534609,   -Median: -2.577394,   -Latest: -2.544174
2025-04-11 20:01:26,054 - INFO - Epoch  160/2500     Train Loss   -Mean: -2.482079,   -Median: -2.668469,   -Latest: -2.443344
2025-04-11 20:02:22,976 - INFO - Epoch  170/2500     Train Loss   -Mean: -2.546990,   -Median: -2.580954,   -Latest: -2.614056
2025-04-11 20:03:21,285 - INFO - Epoch  180/2500     Train Loss   -Mean: -2.604968,   -Median: -2.641218,   -Latest: -2.695292
2025-04-11 20:04:20,067 - INFO - Epoch  190/2500     Train Loss   -Mean: -2.630912,   -Median: -2.688370,   -Latest: -2.672814
2025-04-11 20:05:20,422 - INFO - Epoch  200/2500     Train Loss   -Mean: -2.296474,   -Median: -2.566365,   -Latest: -2.492064
2025-04-11 20:05:20,513 - INFO - Best model saved ...
2025-04-11 20:06:17,671 - INFO - Epoch  210/2500     Train Loss   -Mean: -2.739465,   -Median: -2.747577,   -Latest: -2.805847
2025-04-11 20:07:16,654 - INFO - Epoch  220/2500     Train Loss   -Mean: -3.118922,   -Median: -3.125501,   -Latest: -3.147482
2025-04-11 20:08:13,913 - INFO - Epoch  230/2500     Train Loss   -Mean: -3.121234,   -Median: -3.134599,   -Latest: -3.246459
2025-04-11 20:09:11,006 - INFO - Epoch  240/2500     Train Loss   -Mean: -3.092649,   -Median: -3.136530,   -Latest: -2.968630
2025-04-11 20:10:08,249 - INFO - Epoch  250/2500     Train Loss   -Mean: -2.983545,   -Median: -2.965147,   -Latest: -3.138738
2025-04-11 20:11:05,277 - INFO - Epoch  260/2500     Train Loss   -Mean: -3.061220,   -Median: -3.039863,   -Latest: -2.933886
2025-04-11 20:12:02,482 - INFO - Epoch  270/2500     Train Loss   -Mean: -2.955779,   -Median: -2.993616,   -Latest: -3.006547
2025-04-11 20:12:59,947 - INFO - Epoch  280/2500     Train Loss   -Mean: -3.146372,   -Median: -3.160626,   -Latest: -3.327553
2025-04-11 20:13:57,081 - INFO - Epoch  290/2500     Train Loss   -Mean: -2.837764,   -Median: -2.853314,   -Latest: -2.705840
2025-04-11 20:14:54,346 - INFO - Epoch  300/2500     Train Loss   -Mean: -2.913685,   -Median: -2.971655,   -Latest: -3.035043
2025-04-11 20:14:54,447 - INFO - Best model saved ...
2025-04-11 20:15:51,477 - INFO - Epoch  310/2500     Train Loss   -Mean: -2.706887,   -Median: -2.904188,   -Latest: -3.090501
2025-04-11 20:16:48,594 - INFO - Epoch  320/2500     Train Loss   -Mean: -2.738820,   -Median: -2.854064,   -Latest: -2.875071
2025-04-11 20:17:45,654 - INFO - Epoch  330/2500     Train Loss   -Mean: -3.241939,   -Median: -3.247202,   -Latest: -3.256639
2025-04-11 20:18:42,609 - INFO - Epoch  340/2500     Train Loss   -Mean: -3.393889,   -Median: -3.392015,   -Latest: -3.410282
2025-04-11 20:19:39,529 - INFO - Epoch  350/2500     Train Loss   -Mean: -3.407892,   -Median: -3.399791,   -Latest: -3.515581
2025-04-11 20:20:36,544 - INFO - Epoch  360/2500     Train Loss   -Mean: -3.373309,   -Median: -3.424715,   -Latest: -3.308227
2025-04-11 20:21:33,689 - INFO - Epoch  370/2500     Train Loss   -Mean: -3.425982,   -Median: -3.418505,   -Latest: -3.497951
2025-04-11 20:22:30,883 - INFO - Epoch  380/2500     Train Loss   -Mean: -3.312400,   -Median: -3.359504,   -Latest: -3.435565
2025-04-11 20:23:27,972 - INFO - Epoch  390/2500     Train Loss   -Mean: -3.457729,   -Median: -3.460015,   -Latest: -3.457516
2025-04-11 20:24:25,237 - INFO - Epoch  400/2500     Train Loss   -Mean: -3.407225,   -Median: -3.414349,   -Latest: -3.348974
2025-04-11 20:24:25,454 - INFO - Best model saved ...
2025-04-11 20:25:22,296 - INFO - Epoch  410/2500     Train Loss   -Mean: -3.457282,   -Median: -3.453993,   -Latest: -3.384277
2025-04-11 20:26:19,242 - INFO - Epoch  420/2500     Train Loss   -Mean: -3.304030,   -Median: -3.385190,   -Latest: -3.390584
2025-04-11 20:27:16,355 - INFO - Epoch  430/2500     Train Loss   -Mean: -3.414298,   -Median: -3.412089,   -Latest: -3.390964
2025-04-11 20:28:13,398 - INFO - Epoch  440/2500     Train Loss   -Mean: -3.471947,   -Median: -3.495508,   -Latest: -3.534323
2025-04-11 20:29:10,503 - INFO - Epoch  450/2500     Train Loss   -Mean: -3.577267,   -Median: -3.625102,   -Latest: -3.466038
2025-04-11 20:30:07,613 - INFO - Epoch  460/2500     Train Loss   -Mean: -3.640019,   -Median: -3.664052,   -Latest: -3.386771
2025-04-11 20:31:04,705 - INFO - Epoch  470/2500     Train Loss   -Mean: -3.627885,   -Median: -3.630288,   -Latest: -3.724877
2025-04-11 20:32:01,862 - INFO - Epoch  480/2500     Train Loss   -Mean: -3.655122,   -Median: -3.650403,   -Latest: -3.685039
2025-04-11 20:32:58,920 - INFO - Epoch  490/2500     Train Loss   -Mean: -3.667075,   -Median: -3.670365,   -Latest: -3.687443
2025-04-11 20:33:55,920 - INFO - Epoch  500/2500     Train Loss   -Mean: -3.597470,   -Median: -3.670783,   -Latest: -3.696015
2025-04-11 20:33:56,064 - INFO - Best model saved ...
2025-04-11 20:34:53,192 - INFO - Epoch  510/2500     Train Loss   -Mean: -3.657954,   -Median: -3.666496,   -Latest: -3.614416
2025-04-11 20:35:50,232 - INFO - Epoch  520/2500     Train Loss   -Mean: -3.639989,   -Median: -3.644147,   -Latest: -3.606848
2025-04-11 20:36:47,145 - INFO - Epoch  530/2500     Train Loss   -Mean: -3.667534,   -Median: -3.671560,   -Latest: -3.676194
2025-04-11 20:37:44,111 - INFO - Epoch  540/2500     Train Loss   -Mean: -3.681202,   -Median: -3.681311,   -Latest: -3.695809
2025-04-11 20:38:41,093 - INFO - Epoch  550/2500     Train Loss   -Mean: -3.831911,   -Median: -3.831973,   -Latest: -3.828065
2025-04-11 20:39:38,245 - INFO - Epoch  560/2500     Train Loss   -Mean: -3.844334,   -Median: -3.845383,   -Latest: -3.840865
2025-04-11 20:40:35,242 - INFO - Epoch  570/2500     Train Loss   -Mean: -3.848133,   -Median: -3.853305,   -Latest: -3.848856
2025-04-11 20:41:32,270 - INFO - Epoch  580/2500     Train Loss   -Mean: -3.855793,   -Median: -3.858518,   -Latest: -3.865569
2025-04-11 20:42:29,143 - INFO - Epoch  590/2500     Train Loss   -Mean: -3.857711,   -Median: -3.858435,   -Latest: -3.876995
2025-04-11 20:43:26,290 - INFO - Epoch  600/2500     Train Loss   -Mean: -3.852347,   -Median: -3.858326,   -Latest: -3.854854
2025-04-11 20:43:26,430 - INFO - Best model saved ...
2025-04-11 20:44:23,581 - INFO - Epoch  610/2500     Train Loss   -Mean: -3.769453,   -Median: -3.785415,   -Latest: -3.708024
2025-04-11 20:45:20,713 - INFO - Epoch  620/2500     Train Loss   -Mean: -3.721397,   -Median: -3.732076,   -Latest: -3.814937
2025-04-11 20:46:17,792 - INFO - Epoch  630/2500     Train Loss   -Mean: -3.844775,   -Median: -3.845151,   -Latest: -3.804968
2025-04-11 20:47:14,808 - INFO - Epoch  640/2500     Train Loss   -Mean: -3.869036,   -Median: -3.867917,   -Latest: -3.860231
2025-04-11 20:48:11,759 - INFO - Epoch  650/2500     Train Loss   -Mean: -3.832072,   -Median: -3.845938,   -Latest: -3.639982
2025-04-11 20:49:08,887 - INFO - Epoch  660/2500     Train Loss   -Mean: -3.892318,   -Median: -3.891914,   -Latest: -3.907421
2025-04-11 20:50:05,864 - INFO - Epoch  670/2500     Train Loss   -Mean: -3.885735,   -Median: -3.904424,   -Latest: -3.831388
2025-04-11 20:51:02,963 - INFO - Epoch  680/2500     Train Loss   -Mean: -3.888711,   -Median: -3.884293,   -Latest: -3.886827
2025-04-11 20:52:00,078 - INFO - Epoch  690/2500     Train Loss   -Mean: -3.879275,   -Median: -3.876115,   -Latest: -3.832455
2025-04-11 20:52:57,132 - INFO - Epoch  700/2500     Train Loss   -Mean: -3.881623,   -Median: -3.880911,   -Latest: -3.896862
2025-04-11 20:52:57,255 - INFO - Best model saved ...
2025-04-11 20:53:54,342 - INFO - Epoch  710/2500     Train Loss   -Mean: -3.856949,   -Median: -3.888216,   -Latest: -3.924942
2025-04-11 20:54:51,327 - INFO - Epoch  720/2500     Train Loss   -Mean: -3.872278,   -Median: -3.896240,   -Latest: -3.912687
2025-04-11 20:55:48,406 - INFO - Epoch  730/2500     Train Loss   -Mean: -3.932778,   -Median: -3.926570,   -Latest: -3.907861
2025-04-11 20:56:45,498 - INFO - Epoch  740/2500     Train Loss   -Mean: -3.900639,   -Median: -3.903815,   -Latest: -3.890106
2025-04-11 20:57:42,679 - INFO - Epoch  750/2500     Train Loss   -Mean: -3.699027,   -Median: -3.757352,   -Latest: -3.758785
2025-04-11 20:58:39,816 - INFO - Epoch  760/2500     Train Loss   -Mean: -3.898004,   -Median: -3.912353,   -Latest: -3.936167
2025-04-11 20:59:36,991 - INFO - Epoch  770/2500     Train Loss   -Mean: -3.925500,   -Median: -3.924572,   -Latest: -3.928233
2025-04-11 21:00:34,115 - INFO - Epoch  780/2500     Train Loss   -Mean: -3.983749,   -Median: -3.986331,   -Latest: -3.990268
2025-04-11 21:01:31,388 - INFO - Epoch  790/2500     Train Loss   -Mean: -4.035103,   -Median: -4.042120,   -Latest: -4.047244
2025-04-11 21:02:28,486 - INFO - Epoch  800/2500     Train Loss   -Mean: -4.039260,   -Median: -4.040606,   -Latest: -4.041276
2025-04-11 21:02:28,625 - INFO - Best model saved ...
2025-04-11 21:03:25,793 - INFO - Epoch  810/2500     Train Loss   -Mean: -4.040041,   -Median: -4.040400,   -Latest: -4.067033
2025-04-11 21:04:22,878 - INFO - Epoch  820/2500     Train Loss   -Mean: -4.048205,   -Median: -4.045467,   -Latest: -4.055740
2025-04-11 21:05:20,039 - INFO - Epoch  830/2500     Train Loss   -Mean: -4.048779,   -Median: -4.049600,   -Latest: -4.062823
2025-04-11 21:06:17,233 - INFO - Epoch  840/2500     Train Loss   -Mean: -4.054529,   -Median: -4.052409,   -Latest: -4.047184
2025-04-11 21:07:14,497 - INFO - Epoch  850/2500     Train Loss   -Mean: -4.092560,   -Median: -4.098303,   -Latest: -4.075231
2025-04-11 21:08:11,630 - INFO - Epoch  860/2500     Train Loss   -Mean: -4.058330,   -Median: -4.063714,   -Latest: -4.091653
2025-04-11 21:09:08,973 - INFO - Epoch  870/2500     Train Loss   -Mean: -4.065147,   -Median: -4.065156,   -Latest: -4.081758
2025-04-11 21:10:06,976 - INFO - Epoch  880/2500     Train Loss   -Mean: -4.055750,   -Median: -4.054465,   -Latest: -4.030963
2025-04-11 21:11:04,330 - INFO - Epoch  890/2500     Train Loss   -Mean: -4.112861,   -Median: -4.116688,   -Latest: -4.127911
2025-04-11 21:12:01,668 - INFO - Epoch  900/2500     Train Loss   -Mean: -4.036880,   -Median: -4.030960,   -Latest: -4.026193
2025-04-11 21:12:59,063 - INFO - Epoch  910/2500     Train Loss   -Mean: -4.066309,   -Median: -4.064402,   -Latest: -4.096802
2025-04-11 21:13:56,251 - INFO - Epoch  920/2500     Train Loss   -Mean: -4.081037,   -Median: -4.075630,   -Latest: -4.077721
2025-04-11 21:14:53,424 - INFO - Epoch  930/2500     Train Loss   -Mean: -4.009996,   -Median: -4.016261,   -Latest: -3.979228
2025-04-11 21:15:50,681 - INFO - Epoch  940/2500     Train Loss   -Mean: -4.057865,   -Median: -4.057090,   -Latest: -3.981712
2025-04-11 21:16:47,983 - INFO - Epoch  950/2500     Train Loss   -Mean: -4.075606,   -Median: -4.076661,   -Latest: -4.064740
2025-04-11 21:17:45,223 - INFO - Epoch  960/2500     Train Loss   -Mean: -4.074725,   -Median: -4.074181,   -Latest: -4.074532
2025-04-11 21:18:42,430 - INFO - Epoch  970/2500     Train Loss   -Mean: -4.083385,   -Median: -4.084288,   -Latest: -4.073147
2025-04-11 21:19:39,603 - INFO - Epoch  980/2500     Train Loss   -Mean: -4.042669,   -Median: -4.061813,   -Latest: -4.149911
2025-04-11 21:20:36,853 - INFO - Epoch  990/2500     Train Loss   -Mean: -4.082471,   -Median: -4.082046,   -Latest: -4.099436
2025-04-11 21:21:34,343 - INFO - Epoch 1000/2500     Train Loss   -Mean: -4.091826,   -Median: -4.089028,   -Latest: -4.106612
2025-04-11 21:21:34,484 - INFO - Best model saved ...
2025-04-11 21:22:31,793 - INFO - Epoch 1010/2500     Train Loss   -Mean: -3.973606,   -Median: -3.952501,   -Latest: -3.955558
2025-04-11 21:23:29,093 - INFO - Epoch 1020/2500     Train Loss   -Mean: -4.085605,   -Median: -4.082455,   -Latest: -4.082479
2025-04-11 21:24:26,443 - INFO - Epoch 1030/2500     Train Loss   -Mean: -4.087636,   -Median: -4.087542,   -Latest: -4.082437
2025-04-11 21:25:23,693 - INFO - Epoch 1040/2500     Train Loss   -Mean: -4.104436,   -Median: -4.110287,   -Latest: -4.094368
2025-04-11 21:26:20,954 - INFO - Epoch 1050/2500     Train Loss   -Mean: -4.089995,   -Median: -4.091812,   -Latest: -4.094935
2025-04-11 21:27:18,189 - INFO - Epoch 1060/2500     Train Loss   -Mean: -4.156373,   -Median: -4.167789,   -Latest: -4.165231
2025-04-11 21:28:15,470 - INFO - Epoch 1070/2500     Train Loss   -Mean: -4.167809,   -Median: -4.177184,   -Latest: -4.137152
2025-04-11 21:29:12,933 - INFO - Epoch 1080/2500     Train Loss   -Mean: -4.176884,   -Median: -4.175404,   -Latest: -4.175826
2025-04-11 21:30:10,227 - INFO - Epoch 1090/2500     Train Loss   -Mean: -4.182195,   -Median: -4.186789,   -Latest: -4.190057
2025-04-11 21:31:07,447 - INFO - Epoch 1100/2500     Train Loss   -Mean: -4.183917,   -Median: -4.183322,   -Latest: -4.170550
2025-04-11 21:31:07,610 - INFO - Best model saved ...
2025-04-11 21:32:04,865 - INFO - Epoch 1110/2500     Train Loss   -Mean: -4.185328,   -Median: -4.182329,   -Latest: -4.177528
2025-04-11 21:33:02,285 - INFO - Epoch 1120/2500     Train Loss   -Mean: -4.182033,   -Median: -4.176070,   -Latest: -4.174693
2025-04-11 21:33:59,541 - INFO - Epoch 1130/2500     Train Loss   -Mean: -4.186738,   -Median: -4.185089,   -Latest: -4.185780
2025-04-11 21:34:56,934 - INFO - Epoch 1140/2500     Train Loss   -Mean: -4.190216,   -Median: -4.192896,   -Latest: -4.179398
2025-04-11 21:35:54,314 - INFO - Epoch 1150/2500     Train Loss   -Mean: -4.191489,   -Median: -4.186518,   -Latest: -4.182939
2025-04-11 21:36:51,577 - INFO - Epoch 1160/2500     Train Loss   -Mean: -4.195592,   -Median: -4.195117,   -Latest: -4.192454
2025-04-11 21:37:48,960 - INFO - Epoch 1170/2500     Train Loss   -Mean: -4.193033,   -Median: -4.193028,   -Latest: -4.191493
2025-04-11 21:38:46,214 - INFO - Epoch 1180/2500     Train Loss   -Mean: -4.190701,   -Median: -4.193467,   -Latest: -4.203141
2025-04-11 21:39:43,500 - INFO - Epoch 1190/2500     Train Loss   -Mean: -4.200054,   -Median: -4.198059,   -Latest: -4.189945
2025-04-11 21:40:40,729 - INFO - Epoch 1200/2500     Train Loss   -Mean: -4.198059,   -Median: -4.197529,   -Latest: -4.198465
2025-04-11 21:40:40,890 - INFO - Best model saved ...
2025-04-11 21:41:38,206 - INFO - Epoch 1210/2500     Train Loss   -Mean: -4.200136,   -Median: -4.199046,   -Latest: -4.210882
2025-04-11 21:42:35,525 - INFO - Epoch 1220/2500     Train Loss   -Mean: -4.198199,   -Median: -4.195662,   -Latest: -4.212228
2025-04-11 21:43:32,722 - INFO - Epoch 1230/2500     Train Loss   -Mean: -4.200166,   -Median: -4.200654,   -Latest: -4.204733
2025-04-11 21:44:29,925 - INFO - Epoch 1240/2500     Train Loss   -Mean: -4.205324,   -Median: -4.207567,   -Latest: -4.209991
2025-04-11 21:45:27,265 - INFO - Epoch 1250/2500     Train Loss   -Mean: -4.207418,   -Median: -4.207070,   -Latest: -4.206460
2025-04-11 21:46:24,577 - INFO - Epoch 1260/2500     Train Loss   -Mean: -4.203564,   -Median: -4.207748,   -Latest: -4.181141
2025-04-11 21:47:21,850 - INFO - Epoch 1270/2500     Train Loss   -Mean: -4.206330,   -Median: -4.206156,   -Latest: -4.194789
2025-04-11 21:48:19,152 - INFO - Epoch 1280/2500     Train Loss   -Mean: -4.208369,   -Median: -4.208145,   -Latest: -4.203802
2025-04-11 21:49:16,634 - INFO - Epoch 1290/2500     Train Loss   -Mean: -4.204322,   -Median: -4.199314,   -Latest: -4.193463
2025-04-11 21:50:13,934 - INFO - Epoch 1300/2500     Train Loss   -Mean: -4.210311,   -Median: -4.210097,   -Latest: -4.200877
2025-04-11 21:50:14,099 - INFO - Best model saved ...
2025-04-11 21:51:11,348 - INFO - Epoch 1310/2500     Train Loss   -Mean: -4.211222,   -Median: -4.213004,   -Latest: -4.198501
2025-04-11 21:52:08,564 - INFO - Epoch 1320/2500     Train Loss   -Mean: -4.208589,   -Median: -4.213408,   -Latest: -4.221917
2025-04-11 21:53:05,789 - INFO - Epoch 1330/2500     Train Loss   -Mean: -4.210892,   -Median: -4.210960,   -Latest: -4.211146
2025-04-11 21:54:03,026 - INFO - Epoch 1340/2500     Train Loss   -Mean: -4.214166,   -Median: -4.212059,   -Latest: -4.202670
2025-04-11 21:55:01,100 - INFO - Epoch 1350/2500     Train Loss   -Mean: -4.214078,   -Median: -4.214418,   -Latest: -4.231527
2025-04-11 21:55:59,917 - INFO - Epoch 1360/2500     Train Loss   -Mean: -4.213390,   -Median: -4.215893,   -Latest: -4.210827
2025-04-11 21:56:57,415 - INFO - Epoch 1370/2500     Train Loss   -Mean: -4.213779,   -Median: -4.211522,   -Latest: -4.191534
2025-04-11 21:57:54,770 - INFO - Epoch 1380/2500     Train Loss   -Mean: -4.216485,   -Median: -4.210452,   -Latest: -4.194231
2025-04-11 21:58:52,134 - INFO - Epoch 1390/2500     Train Loss   -Mean: -4.216016,   -Median: -4.213666,   -Latest: -4.206594
2025-04-11 21:59:49,610 - INFO - Epoch 1400/2500     Train Loss   -Mean: -4.219305,   -Median: -4.221719,   -Latest: -4.199181
2025-04-11 21:59:49,787 - INFO - Best model saved ...
2025-04-11 22:00:47,301 - INFO - Epoch 1410/2500     Train Loss   -Mean: -4.217863,   -Median: -4.217476,   -Latest: -4.206810
2025-04-11 22:01:44,868 - INFO - Epoch 1420/2500     Train Loss   -Mean: -4.218229,   -Median: -4.220278,   -Latest: -4.199516
2025-04-11 22:02:42,478 - INFO - Epoch 1430/2500     Train Loss   -Mean: -4.228055,   -Median: -4.226668,   -Latest: -4.223152
2025-04-11 22:03:40,066 - INFO - Epoch 1440/2500     Train Loss   -Mean: -4.219463,   -Median: -4.225680,   -Latest: -4.225725
2025-04-11 22:04:37,652 - INFO - Epoch 1450/2500     Train Loss   -Mean: -4.221257,   -Median: -4.226062,   -Latest: -4.227527
2025-04-11 22:05:35,288 - INFO - Epoch 1460/2500     Train Loss   -Mean: -4.224851,   -Median: -4.227270,   -Latest: -4.225955
2025-04-11 22:06:32,861 - INFO - Epoch 1470/2500     Train Loss   -Mean: -4.224941,   -Median: -4.227366,   -Latest: -4.233849
2025-04-11 22:07:30,555 - INFO - Epoch 1480/2500     Train Loss   -Mean: -4.228658,   -Median: -4.225750,   -Latest: -4.226181
2025-04-11 22:08:28,121 - INFO - Epoch 1490/2500     Train Loss   -Mean: -4.231826,   -Median: -4.230636,   -Latest: -4.227694
2025-04-11 22:09:25,682 - INFO - Epoch 1500/2500     Train Loss   -Mean: -4.224994,   -Median: -4.223122,   -Latest: -4.227828
2025-04-11 22:09:25,862 - INFO - Best model saved ...
2025-04-11 22:10:23,441 - INFO - Epoch 1510/2500     Train Loss   -Mean: -4.223784,   -Median: -4.221951,   -Latest: -4.227935
2025-04-11 22:11:21,030 - INFO - Epoch 1520/2500     Train Loss   -Mean: -4.228896,   -Median: -4.226123,   -Latest: -4.216642
2025-04-11 22:12:18,647 - INFO - Epoch 1530/2500     Train Loss   -Mean: -4.228540,   -Median: -4.227998,   -Latest: -4.227211
2025-04-11 22:13:16,179 - INFO - Epoch 1540/2500     Train Loss   -Mean: -4.255420,   -Median: -4.250780,   -Latest: -4.279559
2025-04-11 22:14:13,773 - INFO - Epoch 1550/2500     Train Loss   -Mean: -4.224729,   -Median: -4.228886,   -Latest: -4.240200
2025-04-11 22:15:11,357 - INFO - Epoch 1560/2500     Train Loss   -Mean: -4.228279,   -Median: -4.230484,   -Latest: -4.225479
2025-04-11 22:16:09,045 - INFO - Epoch 1570/2500     Train Loss   -Mean: -4.231946,   -Median: -4.229337,   -Latest: -4.231050
2025-04-11 22:17:06,660 - INFO - Epoch 1580/2500     Train Loss   -Mean: -4.226744,   -Median: -4.226040,   -Latest: -4.204514
2025-04-11 22:18:04,096 - INFO - Epoch 1590/2500     Train Loss   -Mean: -4.233114,   -Median: -4.232410,   -Latest: -4.206786
2025-04-11 22:19:01,624 - INFO - Epoch 1600/2500     Train Loss   -Mean: -4.261485,   -Median: -4.260273,   -Latest: -4.289083
2025-04-11 22:19:01,809 - INFO - Best model saved ...
2025-04-11 22:19:59,316 - INFO - Epoch 1610/2500     Train Loss   -Mean: -4.271157,   -Median: -4.268075,   -Latest: -4.257552
2025-04-11 22:20:56,890 - INFO - Epoch 1620/2500     Train Loss   -Mean: -4.275646,   -Median: -4.275149,   -Latest: -4.296298
2025-04-11 22:21:54,535 - INFO - Epoch 1630/2500     Train Loss   -Mean: -4.269944,   -Median: -4.266370,   -Latest: -4.278698
2025-04-11 22:22:52,029 - INFO - Epoch 1640/2500     Train Loss   -Mean: -4.272322,   -Median: -4.274271,   -Latest: -4.286261
2025-04-11 22:23:49,638 - INFO - Epoch 1650/2500     Train Loss   -Mean: -4.269853,   -Median: -4.270497,   -Latest: -4.273764
2025-04-11 22:24:47,158 - INFO - Epoch 1660/2500     Train Loss   -Mean: -4.275523,   -Median: -4.277804,   -Latest: -4.278285
2025-04-11 22:25:44,689 - INFO - Epoch 1670/2500     Train Loss   -Mean: -4.272815,   -Median: -4.271559,   -Latest: -4.270530
2025-04-11 22:26:42,244 - INFO - Epoch 1680/2500     Train Loss   -Mean: -4.273827,   -Median: -4.275102,   -Latest: -4.263009
2025-04-11 22:27:39,695 - INFO - Epoch 1690/2500     Train Loss   -Mean: -4.278431,   -Median: -4.282568,   -Latest: -4.300228
2025-04-11 22:28:37,141 - INFO - Epoch 1700/2500     Train Loss   -Mean: -4.276996,   -Median: -4.278603,   -Latest: -4.284063
2025-04-11 22:28:37,330 - INFO - Best model saved ...
2025-04-11 22:29:34,905 - INFO - Epoch 1710/2500     Train Loss   -Mean: -4.279586,   -Median: -4.278163,   -Latest: -4.278317
2025-04-11 22:30:32,469 - INFO - Epoch 1720/2500     Train Loss   -Mean: -4.280189,   -Median: -4.280991,   -Latest: -4.288312
2025-04-11 22:31:29,996 - INFO - Epoch 1730/2500     Train Loss   -Mean: -4.283709,   -Median: -4.285990,   -Latest: -4.298596
2025-04-11 22:32:27,455 - INFO - Epoch 1740/2500     Train Loss   -Mean: -4.282691,   -Median: -4.283608,   -Latest: -4.294932
2025-04-11 22:33:25,060 - INFO - Epoch 1750/2500     Train Loss   -Mean: -4.283320,   -Median: -4.279531,   -Latest: -4.276308
2025-04-11 22:34:22,586 - INFO - Epoch 1760/2500     Train Loss   -Mean: -4.284307,   -Median: -4.285800,   -Latest: -4.284888
2025-04-11 22:35:20,173 - INFO - Epoch 1770/2500     Train Loss   -Mean: -4.284512,   -Median: -4.289913,   -Latest: -4.286775
2025-04-11 22:36:17,561 - INFO - Epoch 1780/2500     Train Loss   -Mean: -4.285784,   -Median: -4.286667,   -Latest: -4.289050
2025-04-11 22:37:15,026 - INFO - Epoch 1790/2500     Train Loss   -Mean: -4.286506,   -Median: -4.287423,   -Latest: -4.288531
2025-04-11 22:38:12,600 - INFO - Epoch 1800/2500     Train Loss   -Mean: -4.283289,   -Median: -4.282858,   -Latest: -4.281145
2025-04-11 22:38:12,794 - INFO - Best model saved ...
2025-04-11 22:39:10,453 - INFO - Epoch 1810/2500     Train Loss   -Mean: -4.283595,   -Median: -4.282195,   -Latest: -4.291026
2025-04-11 22:40:08,010 - INFO - Epoch 1820/2500     Train Loss   -Mean: -4.286077,   -Median: -4.286517,   -Latest: -4.272993
2025-04-11 22:41:05,587 - INFO - Epoch 1830/2500     Train Loss   -Mean: -4.286373,   -Median: -4.285610,   -Latest: -4.286065
2025-04-11 22:42:03,195 - INFO - Epoch 1840/2500     Train Loss   -Mean: -4.287852,   -Median: -4.288595,   -Latest: -4.290770
2025-04-11 22:43:00,818 - INFO - Epoch 1850/2500     Train Loss   -Mean: -4.288814,   -Median: -4.286643,   -Latest: -4.309023
2025-04-11 22:43:59,100 - INFO - Epoch 1860/2500     Train Loss   -Mean: -4.295268,   -Median: -4.296519,   -Latest: -4.301670
2025-04-11 22:44:57,621 - INFO - Epoch 1870/2500     Train Loss   -Mean: -4.292311,   -Median: -4.295284,   -Latest: -4.302927
2025-04-11 22:45:55,230 - INFO - Epoch 1880/2500     Train Loss   -Mean: -4.290035,   -Median: -4.292570,   -Latest: -4.300890
2025-04-11 22:46:52,691 - INFO - Epoch 1890/2500     Train Loss   -Mean: -4.289253,   -Median: -4.286407,   -Latest: -4.308268
2025-04-11 22:47:50,263 - INFO - Epoch 1900/2500     Train Loss   -Mean: -4.290973,   -Median: -4.291132,   -Latest: -4.290583
2025-04-11 22:47:50,468 - INFO - Best model saved ...
2025-04-11 22:48:47,931 - INFO - Epoch 1910/2500     Train Loss   -Mean: -4.290332,   -Median: -4.290622,   -Latest: -4.290377
2025-04-11 22:49:45,505 - INFO - Epoch 1920/2500     Train Loss   -Mean: -4.295658,   -Median: -4.295593,   -Latest: -4.290198
2025-04-11 22:50:43,062 - INFO - Epoch 1930/2500     Train Loss   -Mean: -4.291722,   -Median: -4.292020,   -Latest: -4.309126
2025-04-11 22:51:40,651 - INFO - Epoch 1940/2500     Train Loss   -Mean: -4.290111,   -Median: -4.292334,   -Latest: -4.306339
2025-04-11 22:52:38,233 - INFO - Epoch 1950/2500     Train Loss   -Mean: -4.295687,   -Median: -4.293458,   -Latest: -4.270090
2025-04-11 22:53:35,855 - INFO - Epoch 1960/2500     Train Loss   -Mean: -4.289573,   -Median: -4.287410,   -Latest: -4.280454
2025-04-11 22:54:33,409 - INFO - Epoch 1970/2500     Train Loss   -Mean: -4.293612,   -Median: -4.291297,   -Latest: -4.315757
2025-04-11 22:55:31,104 - INFO - Epoch 1980/2500     Train Loss   -Mean: -4.296115,   -Median: -4.295593,   -Latest: -4.307668
2025-04-11 22:56:28,753 - INFO - Epoch 1990/2500     Train Loss   -Mean: -4.297184,   -Median: -4.298837,   -Latest: -4.286000
2025-04-11 22:57:26,208 - INFO - Epoch 2000/2500     Train Loss   -Mean: -4.294047,   -Median: -4.288749,   -Latest: -4.282187
2025-04-11 22:58:23,946 - INFO - Epoch 2010/2500     Train Loss   -Mean: -4.296668,   -Median: -4.291346,   -Latest: -4.288862
2025-04-11 22:59:21,526 - INFO - Epoch 2020/2500     Train Loss   -Mean: -4.297050,   -Median: -4.302913,   -Latest: -4.306053
2025-04-11 23:00:19,060 - INFO - Epoch 2030/2500     Train Loss   -Mean: -4.295465,   -Median: -4.298915,   -Latest: -4.299499
2025-04-11 23:01:16,506 - INFO - Epoch 2040/2500     Train Loss   -Mean: -4.298497,   -Median: -4.302244,   -Latest: -4.289676
2025-04-11 23:02:14,028 - INFO - Epoch 2050/2500     Train Loss   -Mean: -4.299885,   -Median: -4.301443,   -Latest: -4.311835
2025-04-11 23:03:11,698 - INFO - Epoch 2060/2500     Train Loss   -Mean: -4.300953,   -Median: -4.297979,   -Latest: -4.319330
2025-04-11 23:04:09,185 - INFO - Epoch 2070/2500     Train Loss   -Mean: -4.297099,   -Median: -4.297232,   -Latest: -4.283701
2025-04-11 23:05:06,804 - INFO - Epoch 2080/2500     Train Loss   -Mean: -4.300300,   -Median: -4.298961,   -Latest: -4.326519
2025-04-11 23:06:04,335 - INFO - Epoch 2090/2500     Train Loss   -Mean: -4.301003,   -Median: -4.304181,   -Latest: -4.313273
2025-04-11 23:07:01,871 - INFO - Epoch 2100/2500     Train Loss   -Mean: -4.297159,   -Median: -4.298204,   -Latest: -4.290576
2025-04-11 23:07:02,091 - INFO - Best model saved ...
2025-04-11 23:07:59,549 - INFO - Epoch 2110/2500     Train Loss   -Mean: -4.300293,   -Median: -4.298171,   -Latest: -4.295512
2025-04-11 23:08:57,147 - INFO - Epoch 2120/2500     Train Loss   -Mean: -4.302460,   -Median: -4.304166,   -Latest: -4.304900
2025-04-11 23:09:54,897 - INFO - Epoch 2130/2500     Train Loss   -Mean: -4.301124,   -Median: -4.304751,   -Latest: -4.279798
2025-04-11 23:10:52,451 - INFO - Epoch 2140/2500     Train Loss   -Mean: -4.301314,   -Median: -4.299752,   -Latest: -4.293652
2025-04-11 23:11:49,884 - INFO - Epoch 2150/2500     Train Loss   -Mean: -4.311707,   -Median: -4.310471,   -Latest: -4.307185
2025-04-11 23:12:47,503 - INFO - Epoch 2160/2500     Train Loss   -Mean: -4.305396,   -Median: -4.303850,   -Latest: -4.319603
2025-04-11 23:13:45,066 - INFO - Epoch 2170/2500     Train Loss   -Mean: -4.305493,   -Median: -4.302741,   -Latest: -4.301322
2025-04-11 23:14:42,635 - INFO - Epoch 2180/2500     Train Loss   -Mean: -4.303187,   -Median: -4.303871,   -Latest: -4.313871
2025-04-11 23:15:40,275 - INFO - Epoch 2190/2500     Train Loss   -Mean: -4.309827,   -Median: -4.312679,   -Latest: -4.318984
2025-04-11 23:16:37,689 - INFO - Epoch 2200/2500     Train Loss   -Mean: -4.308486,   -Median: -4.310813,   -Latest: -4.321611
2025-04-11 23:16:37,907 - INFO - Best model saved ...
2025-04-11 23:17:35,481 - INFO - Epoch 2210/2500     Train Loss   -Mean: -4.308168,   -Median: -4.310184,   -Latest: -4.318118
2025-04-11 23:18:32,957 - INFO - Epoch 2220/2500     Train Loss   -Mean: -4.306816,   -Median: -4.305141,   -Latest: -4.323251
2025-04-11 23:19:30,520 - INFO - Epoch 2230/2500     Train Loss   -Mean: -4.305067,   -Median: -4.306120,   -Latest: -4.316421
2025-04-11 23:20:28,006 - INFO - Epoch 2240/2500     Train Loss   -Mean: -4.309611,   -Median: -4.310556,   -Latest: -4.305658
2025-04-11 23:21:25,694 - INFO - Epoch 2250/2500     Train Loss   -Mean: -4.310725,   -Median: -4.309551,   -Latest: -4.288224
2025-04-11 23:22:23,277 - INFO - Epoch 2260/2500     Train Loss   -Mean: -4.311523,   -Median: -4.307485,   -Latest: -4.298847
2025-04-11 23:23:20,968 - INFO - Epoch 2270/2500     Train Loss   -Mean: -4.308400,   -Median: -4.307800,   -Latest: -4.304370
2025-04-11 23:24:18,647 - INFO - Epoch 2280/2500     Train Loss   -Mean: -4.308225,   -Median: -4.307765,   -Latest: -4.304338
2025-04-11 23:25:16,279 - INFO - Epoch 2290/2500     Train Loss   -Mean: -4.314838,   -Median: -4.316737,   -Latest: -4.325962
2025-04-11 23:26:13,804 - INFO - Epoch 2300/2500     Train Loss   -Mean: -4.308503,   -Median: -4.308045,   -Latest: -4.310605
2025-04-11 23:27:11,584 - INFO - Epoch 2310/2500     Train Loss   -Mean: -4.314839,   -Median: -4.313552,   -Latest: -4.297484
2025-04-11 23:28:09,231 - INFO - Epoch 2320/2500     Train Loss   -Mean: -4.316823,   -Median: -4.318311,   -Latest: -4.304266
2025-04-11 23:29:06,785 - INFO - Epoch 2330/2500     Train Loss   -Mean: -4.312262,   -Median: -4.311000,   -Latest: -4.312258
2025-04-11 23:30:04,505 - INFO - Epoch 2340/2500     Train Loss   -Mean: -4.313733,   -Median: -4.313198,   -Latest: -4.326913
2025-04-11 23:31:02,083 - INFO - Epoch 2350/2500     Train Loss   -Mean: -4.313770,   -Median: -4.311092,   -Latest: -4.306357
2025-04-11 23:31:59,743 - INFO - Epoch 2360/2500     Train Loss   -Mean: -4.310116,   -Median: -4.313985,   -Latest: -4.317992
2025-04-11 23:32:57,253 - INFO - Epoch 2370/2500     Train Loss   -Mean: -4.313556,   -Median: -4.315418,   -Latest: -4.330456
2025-04-11 23:33:54,708 - INFO - Epoch 2380/2500     Train Loss   -Mean: -4.316245,   -Median: -4.321617,   -Latest: -4.324644
2025-04-11 23:34:52,384 - INFO - Epoch 2390/2500     Train Loss   -Mean: -4.312590,   -Median: -4.312797,   -Latest: -4.324161
2025-04-11 23:35:50,085 - INFO - Epoch 2400/2500     Train Loss   -Mean: -4.314565,   -Median: -4.313164,   -Latest: -4.329557
2025-04-11 23:35:50,317 - INFO - Best model saved ...
2025-04-11 23:36:49,566 - INFO - Epoch 2410/2500     Train Loss   -Mean: -4.313838,   -Median: -4.314705,   -Latest: -4.316017
2025-04-11 23:37:47,313 - INFO - Epoch 2420/2500     Train Loss   -Mean: -4.317544,   -Median: -4.316645,   -Latest: -4.328273
2025-04-11 23:38:45,183 - INFO - Epoch 2430/2500     Train Loss   -Mean: -4.317160,   -Median: -4.318791,   -Latest: -4.318746
2025-04-11 23:39:42,934 - INFO - Epoch 2440/2500     Train Loss   -Mean: -4.325639,   -Median: -4.326711,   -Latest: -4.324928
2025-04-11 23:40:40,810 - INFO - Epoch 2450/2500     Train Loss   -Mean: -4.316471,   -Median: -4.316100,   -Latest: -4.303209
2025-04-11 23:41:38,521 - INFO - Epoch 2460/2500     Train Loss   -Mean: -4.319676,   -Median: -4.317922,   -Latest: -4.318871
2025-04-11 23:42:36,523 - INFO - Epoch 2470/2500     Train Loss   -Mean: -4.314881,   -Median: -4.312166,   -Latest: -4.308690
2025-04-11 23:43:34,339 - INFO - Epoch 2480/2500     Train Loss   -Mean: -4.315519,   -Median: -4.316684,   -Latest: -4.312785
2025-04-11 23:44:32,123 - INFO - Epoch 2490/2500     Train Loss   -Mean: -4.319273,   -Median: -4.319438,   -Latest: -4.308206
2025-04-11 23:45:24,102 - INFO - Epoch 2499/2500     Train Loss   -Mean: -4.320706,   -Median: -4.320340,   -Latest: -4.334370
2025-04-11 23:45:24,340 - INFO - Best model saved ...
2025-04-11 23:45:24,340 - INFO - 
Training complete. Total time: 3 hours 59 mins 17 secs
2025-04-11 23:45:24,340 - INFO - No losses found in the nohup.log file
2025-04-11 23:45:29,311 - INFO - Evaluation of MSE the test set:
2025-04-11 23:45:29,312 - INFO -     - Mean : 0.002224
2025-04-11 23:45:29,312 - INFO -     - Median : 0.002236
2025-04-11 23:45:29,312 - INFO -     - Min : 0.002178
2025-04-11 23:45:30,123 - INFO - Min/Max Uncertainty: 0.000, 0.619
2025-04-11 23:45:30,133 - INFO - Min/Max Uncertainty: 0.000, 0.619
2025-04-11 23:45:30,142 - INFO - Min/Max Uncertainty: 0.000, 0.619
2025-04-11 23:45:30,150 - INFO - Min/Max Uncertainty: 0.000, 0.619
2025-04-11 23:45:30,159 - INFO - Min/Max Uncertainty: 0.000, 0.619
2025-04-11 23:45:30,169 - INFO - Min/Max Uncertainty: 0.000, 0.619
2025-04-11 23:45:30,177 - INFO - Min/Max Uncertainty: 0.000, 0.619
2025-04-11 23:45:30,185 - INFO - Min/Max Uncertainty: 0.000, 0.619
2025-04-11 23:45:30,194 - INFO - Min/Max Uncertainty: 0.000, 0.619
2025-04-11 23:45:30,202 - INFO - Min/Max Uncertainty: 0.000, 0.619
2025-04-11 23:45:30,211 - INFO - Min/Max Uncertainty: 0.000, 0.619
2025-04-11 23:45:30,219 - INFO - Min/Max Uncertainty: 0.000, 0.619
2025-04-11 23:45:30,227 - INFO - Min/Max Uncertainty: 0.000, 0.619
2025-04-11 23:45:30,235 - INFO - Min/Max Uncertainty: 0.000, 0.619
2025-04-11 23:45:30,243 - INFO - Min/Max Uncertainty: 0.000, 0.619
2025-04-11 23:45:30,251 - INFO - Min/Max Uncertainty: 0.000, 0.619
